0 info it worked if it ends with ok
1 verbose cli [ '/usr/bin/node', '/usr/bin/npm', 'install', 'npm-check' ]
2 info using npm@3.10.10
3 info using node@v6.14.3
4 silly loadCurrentTree Starting
5 silly install loadCurrentTree
6 silly install readLocalPackageData
7 silly fetchPackageMetaData npm-check
8 silly fetchNamedPackageData npm-check
9 silly mapToRegistry name npm-check
10 silly mapToRegistry using default registry
11 silly mapToRegistry registry http://registry.npmjs.org/
12 silly mapToRegistry data Result {
12 silly mapToRegistry   raw: 'npm-check',
12 silly mapToRegistry   scope: null,
12 silly mapToRegistry   escapedName: 'npm-check',
12 silly mapToRegistry   name: 'npm-check',
12 silly mapToRegistry   rawSpec: '',
12 silly mapToRegistry   spec: 'latest',
12 silly mapToRegistry   type: 'tag' }
13 silly mapToRegistry uri http://registry.npmjs.org/npm-check
14 verbose request uri http://registry.npmjs.org/npm-check
15 verbose request no auth needed
16 info attempt registry request try #1 at 12:45:43 PM
17 verbose request id 0a94af66f7e1d51d
18 http request GET http://registry.npmjs.org/npm-check
19 info retry will retry, error on last attempt: Error: connect EHOSTUNREACH 192.168.0.45:808
20 info attempt registry request try #2 at 12:45:56 PM
21 http request GET http://registry.npmjs.org/npm-check
22 info retry will retry, error on last attempt: Error: connect EHOSTUNREACH 192.168.0.45:808
23 info attempt registry request try #3 at 12:46:59 PM
24 http request GET http://registry.npmjs.org/npm-check
25 silly fetchPackageMetaData Error: connect EHOSTUNREACH 192.168.0.45:808
25 silly fetchPackageMetaData     at Object.exports._errnoException (util.js:1020:11)
25 silly fetchPackageMetaData     at exports._exceptionWithHostPort (util.js:1043:20)
25 silly fetchPackageMetaData     at TCPConnectWrap.afterConnect [as oncomplete] (net.js:1099:14)
25 silly fetchPackageMetaData  error for npm-check { Error: connect EHOSTUNREACH 192.168.0.45:808
25 silly fetchPackageMetaData     at Object.exports._errnoException (util.js:1020:11)
25 silly fetchPackageMetaData     at exports._exceptionWithHostPort (util.js:1043:20)
25 silly fetchPackageMetaData     at TCPConnectWrap.afterConnect [as oncomplete] (net.js:1099:14)
25 silly fetchPackageMetaData   code: 'EHOSTUNREACH',
25 silly fetchPackageMetaData   errno: 'EHOSTUNREACH',
25 silly fetchPackageMetaData   syscall: 'connect',
25 silly fetchPackageMetaData   address: '192.168.0.45',
25 silly fetchPackageMetaData   port: 808 }
26 silly rollbackFailedOptional Starting
27 silly rollbackFailedOptional Finishing
28 silly runTopLevelLifecycles Finishing
29 silly install printInstalled
30 verbose stack Error: connect EHOSTUNREACH 192.168.0.45:808
30 verbose stack     at Object.exports._errnoException (util.js:1020:11)
30 verbose stack     at exports._exceptionWithHostPort (util.js:1043:20)
30 verbose stack     at TCPConnectWrap.afterConnect [as oncomplete] (net.js:1099:14)
31 verbose cwd /var/www/html/nodetest
32 error Linux 3.19.0-25-generic
33 error argv "/usr/bin/node" "/usr/bin/npm" "install" "npm-check"
34 error node v6.14.3
35 error npm  v3.10.10
36 error code EHOSTUNREACH
37 error errno EHOSTUNREACH
38 error syscall connect
39 error connect EHOSTUNREACH 192.168.0.45:808
40 error If you need help, you may report this error at:
40 error     <https://github.com/npm/npm/issues>
41 verbose exit [ 1, true ]
